<?xml version="1.0" encoding="UTF-8"?>
<testsuite name="AppTests.LoginPageTest" tests="1" skipped="0" failures="0" errors="0" timestamp="2022-11-04T21:10:44" hostname="DESKTOP-QPFEMJR" time="14.94">
  <properties/>
  <testcase name="appLoginTest()" classname="AppTests.LoginPageTest" time="14.94"/>
  <system-out><![CDATA[17:10:44.394 [Test worker] DEBUG net.thucydides.core.guice.Injectors - Created injector for module net.thucydides.core.guice.ThucydidesModule
17:10:44.544 [Test worker] DEBUG net.thucydides.core.guice.Injectors - Created injector for module net.thucydides.core.guice.webdriver.WebDriverModule
17:10:44.616 [Test worker] INFO net.serenitybdd.core.webdriver.driverproviders.DriverProvider - Using WebDriverManager configuration for chrome
17:10:44.949 [Test worker] DEBUG io.github.bonigarcia.wdm.cache.ResolutionCache - Resolution chrome=107 in cache (valid until 18:06:08 04/11/2022 EDT)
17:10:44.949 [Test worker] DEBUG io.github.bonigarcia.wdm.cache.ResolutionCache - Resolution chrome107=107.0.5304.62 in cache (valid until 17:06:08 05/11/2022 EDT)
17:10:44.949 [Test worker] INFO io.github.bonigarcia.wdm.WebDriverManager - Using chromedriver 107.0.5304.62 (resolved driver for Chrome 107)
17:10:44.964 [Test worker] DEBUG io.github.bonigarcia.wdm.WebDriverManager - Driver chromedriver 107.0.5304.62 found in cache
17:10:44.964 [Test worker] INFO io.github.bonigarcia.wdm.WebDriverManager - Exporting webdriver.chrome.driver as C:\Users\ercan\.cache\selenium\chromedriver\win32\107.0.5304.62\chromedriver.exe
17:10:45.039 [Test worker] INFO net.serenitybdd.core.webdriver.driverproviders.ChromeDriverProvider - Starting Chrome driver instance with capabilities:
17:10:45.039 [Test worker] INFO net.serenitybdd.core.webdriver.driverproviders.ChromeDriverProvider - Capabilities {acceptInsecureCerts: false, browserName: chrome, goog:chromeOptions: {args: [], extensions: []}}
17:10:45.099 [Test worker] DEBUG io.netty.util.internal.logging.InternalLoggerFactory - Using SLF4J as the default logging framework
17:10:45.099 [Test worker] DEBUG io.netty.util.ResourceLeakDetector - -Dio.netty.leakDetection.level: simple
17:10:45.099 [Test worker] DEBUG io.netty.util.ResourceLeakDetector - -Dio.netty.leakDetection.targetRecords: 4
17:10:45.099 [Test worker] DEBUG io.netty.util.ResourceLeakDetectorFactory - Loaded default ResourceLeakDetector: io.netty.util.ResourceLeakDetector@68e7c8c3
17:10:45.116 [Test worker] DEBUG io.netty.util.internal.PlatformDependent0 - -Dio.netty.noUnsafe: false
17:10:45.116 [Test worker] DEBUG io.netty.util.internal.PlatformDependent0 - Java version: 17
17:10:45.116 [Test worker] DEBUG io.netty.util.internal.PlatformDependent0 - sun.misc.Unsafe.theUnsafe: available
17:10:45.116 [Test worker] DEBUG io.netty.util.internal.PlatformDependent0 - sun.misc.Unsafe.copyMemory: available
17:10:45.116 [Test worker] DEBUG io.netty.util.internal.PlatformDependent0 - sun.misc.Unsafe.storeFence: available
17:10:45.116 [Test worker] DEBUG io.netty.util.internal.PlatformDependent0 - java.nio.Buffer.address: available
17:10:45.116 [Test worker] DEBUG io.netty.util.internal.PlatformDependent0 - direct buffer constructor: unavailable: Reflective setAccessible(true) disabled
17:10:45.116 [Test worker] DEBUG io.netty.util.internal.PlatformDependent0 - java.nio.Bits.unaligned: available, true
17:10:45.116 [Test worker] DEBUG io.netty.util.internal.PlatformDependent0 - jdk.internal.misc.Unsafe.allocateUninitializedArray(int): unavailable: class io.netty.util.internal.PlatformDependent0$7 cannot access class jdk.internal.misc.Unsafe (in module java.base) because module java.base does not export jdk.internal.misc to unnamed module @506ae4d4
17:10:45.116 [Test worker] DEBUG io.netty.util.internal.PlatformDependent0 - java.nio.DirectByteBuffer.<init>(long, int): unavailable
17:10:45.116 [Test worker] DEBUG io.netty.util.internal.PlatformDependent - sun.misc.Unsafe: available
17:10:45.129 [Test worker] DEBUG io.netty.util.internal.PlatformDependent - maxDirectMemory: 536870912 bytes (maybe)
17:10:45.129 [Test worker] DEBUG io.netty.util.internal.PlatformDependent - -Dio.netty.tmpdir: C:\Users\ercan\AppData\Local\Temp (java.io.tmpdir)
17:10:45.129 [Test worker] DEBUG io.netty.util.internal.PlatformDependent - -Dio.netty.bitMode: 64 (sun.arch.data.model)
17:10:45.129 [Test worker] DEBUG io.netty.util.internal.PlatformDependent - Platform: Windows
17:10:45.129 [Test worker] DEBUG io.netty.util.internal.PlatformDependent - -Dio.netty.maxDirectMemory: -1 bytes
17:10:45.129 [Test worker] DEBUG io.netty.util.internal.PlatformDependent - -Dio.netty.uninitializedArrayAllocationThreshold: -1
17:10:45.129 [Test worker] DEBUG io.netty.util.internal.CleanerJava9 - java.nio.ByteBuffer.cleaner(): available
17:10:45.129 [Test worker] DEBUG io.netty.util.internal.PlatformDependent - -Dio.netty.noPreferDirect: false
17:10:45.144 [Test worker] DEBUG io.netty.util.internal.PlatformDependent - org.jctools-core.MpscChunkedArrayQueue: available
17:10:45.159 [Test worker] DEBUG io.netty.util.internal.InternalThreadLocalMap - -Dio.netty.threadLocalMap.stringBuilder.initialSize: 1024
17:10:45.159 [Test worker] DEBUG io.netty.util.internal.InternalThreadLocalMap - -Dio.netty.threadLocalMap.stringBuilder.maxSize: 4096
17:10:45.216 [Test worker] DEBUG io.netty.handler.ssl.JdkSslContext - Default protocols (JDK): [TLSv1.3, TLSv1.2] 
17:10:45.216 [Test worker] DEBUG io.netty.handler.ssl.JdkSslContext - Default cipher suites (JDK): [TLS_ECDHE_ECDSA_WITH_AES_256_GCM_SHA384, TLS_ECDHE_ECDSA_WITH_AES_128_GCM_SHA256, TLS_ECDHE_RSA_WITH_AES_128_GCM_SHA256, TLS_ECDHE_RSA_WITH_AES_256_GCM_SHA384, TLS_ECDHE_RSA_WITH_AES_128_CBC_SHA, TLS_ECDHE_RSA_WITH_AES_256_CBC_SHA, TLS_RSA_WITH_AES_128_GCM_SHA256, TLS_RSA_WITH_AES_128_CBC_SHA, TLS_RSA_WITH_AES_256_CBC_SHA, TLS_AES_128_GCM_SHA256, TLS_AES_256_GCM_SHA384]
17:10:45.234 [Test worker] DEBUG io.netty.channel.MultithreadEventLoopGroup - -Dio.netty.eventLoopThreads: 12
17:10:45.234 [Test worker] DEBUG io.netty.channel.nio.NioEventLoop - -Dio.netty.noKeySetOptimization: false
17:10:45.234 [Test worker] DEBUG io.netty.channel.nio.NioEventLoop - -Dio.netty.selectorAutoRebuildThreshold: 512
17:10:45.268 [Test worker] DEBUG io.netty.buffer.PooledByteBufAllocator - -Dio.netty.allocator.numHeapArenas: 12
17:10:45.268 [Test worker] DEBUG io.netty.buffer.PooledByteBufAllocator - -Dio.netty.allocator.numDirectArenas: 12
17:10:45.268 [Test worker] DEBUG io.netty.buffer.PooledByteBufAllocator - -Dio.netty.allocator.pageSize: 8192
17:10:45.268 [Test worker] DEBUG io.netty.buffer.PooledByteBufAllocator - -Dio.netty.allocator.maxOrder: 9
17:10:45.268 [Test worker] DEBUG io.netty.buffer.PooledByteBufAllocator - -Dio.netty.allocator.chunkSize: 4194304
17:10:45.268 [Test worker] DEBUG io.netty.buffer.PooledByteBufAllocator - -Dio.netty.allocator.smallCacheSize: 256
17:10:45.268 [Test worker] DEBUG io.netty.buffer.PooledByteBufAllocator - -Dio.netty.allocator.normalCacheSize: 64
17:10:45.268 [Test worker] DEBUG io.netty.buffer.PooledByteBufAllocator - -Dio.netty.allocator.maxCachedBufferCapacity: 32768
17:10:45.268 [Test worker] DEBUG io.netty.buffer.PooledByteBufAllocator - -Dio.netty.allocator.cacheTrimInterval: 8192
17:10:45.268 [Test worker] DEBUG io.netty.buffer.PooledByteBufAllocator - -Dio.netty.allocator.cacheTrimIntervalMillis: 0
17:10:45.268 [Test worker] DEBUG io.netty.buffer.PooledByteBufAllocator - -Dio.netty.allocator.useCacheForAllThreads: false
17:10:45.268 [Test worker] DEBUG io.netty.buffer.PooledByteBufAllocator - -Dio.netty.allocator.maxCachedByteBuffersPerChunk: 1023
17:10:45.283 [Test worker] DEBUG io.netty.buffer.ByteBufUtil - -Dio.netty.allocator.type: pooled
17:10:45.283 [Test worker] DEBUG io.netty.buffer.ByteBufUtil - -Dio.netty.threadLocalDirectBufferSize: 0
17:10:45.283 [Test worker] DEBUG io.netty.buffer.ByteBufUtil - -Dio.netty.maxThreadLocalCharBufferSize: 16384
17:10:45.546 [Forwarding newSession on session null to remote] DEBUG io.netty.channel.DefaultChannelId - -Dio.netty.processId: 7676 (auto-detected)
17:10:45.546 [Forwarding newSession on session null to remote] DEBUG io.netty.util.NetUtil - -Djava.net.preferIPv4Stack: false
17:10:45.546 [Forwarding newSession on session null to remote] DEBUG io.netty.util.NetUtil - -Djava.net.preferIPv6Addresses: false
17:10:45.561 [Forwarding newSession on session null to remote] DEBUG io.netty.util.NetUtilInitializations - Loopback interface: lo (Software Loopback Interface 1, 127.0.0.1)
17:10:45.561 [Forwarding newSession on session null to remote] DEBUG io.netty.util.NetUtil - Failed to get SOMAXCONN from sysctl and file \proc\sys\net\core\somaxconn. Default: 200
17:10:45.576 [Forwarding newSession on session null to remote] DEBUG io.netty.channel.DefaultChannelId - -Dio.netty.machineId: 40:ec:99:ff:fe:53:f0:20 (auto-detected)
17:10:45.621 [AsyncHttpClient-1-2] DEBUG io.netty.buffer.AbstractByteBuf - -Dio.netty.buffer.checkAccessible: true
17:10:45.621 [AsyncHttpClient-1-2] DEBUG io.netty.buffer.AbstractByteBuf - -Dio.netty.buffer.checkBounds: true
17:10:45.621 [AsyncHttpClient-1-2] DEBUG io.netty.util.ResourceLeakDetectorFactory - Loaded default ResourceLeakDetector: io.netty.util.ResourceLeakDetector@17753077
17:10:45.636 [AsyncHttpClient-1-2] DEBUG org.asynchttpclient.netty.channel.NettyConnectListener - Using new Channel '[id: 0xc64aaadd, L:/127.0.0.1:65429 - R:localhost/127.0.0.1:58839]' for 'POST' to '/session'
17:10:45.654 [AsyncHttpClient-1-2] DEBUG io.netty.util.Recycler - -Dio.netty.recycler.maxCapacityPerThread: 4096
17:10:45.654 [AsyncHttpClient-1-2] DEBUG io.netty.util.Recycler - -Dio.netty.recycler.ratio: 8
17:10:45.654 [AsyncHttpClient-1-2] DEBUG io.netty.util.Recycler - -Dio.netty.recycler.chunkSize: 32
17:10:45.654 [AsyncHttpClient-1-2] DEBUG io.netty.util.Recycler - -Dio.netty.recycler.blocking: false
17:10:46.408 [AsyncHttpClient-1-2] DEBUG io.netty.handler.codec.compression.Brotli - brotli4j not in the classpath; Brotli support will be unavailable.
17:10:46.408 [AsyncHttpClient-1-2] DEBUG org.asynchttpclient.netty.handler.HttpHandler - 

Request DefaultHttpRequest(decodeResult: success, version: HTTP/1.1)
POST /session HTTP/1.1
User-Agent: selenium/4.4.0 (java windows)
Content-Length: 437
Content-Type: application/json; charset=utf-8
host: localhost:58839
accept: */*

Response DefaultHttpResponse(decodeResult: success, version: HTTP/1.1)
HTTP/1.1 200 OK
Content-Type: application/json; charset=utf-8
cache-control: no-cache
content-length: 789

17:10:46.418 [AsyncHttpClient-1-2] DEBUG org.asynchttpclient.netty.channel.ChannelManager - Adding key: http://localhost:58839 for channel [id: 0xc64aaadd, L:/127.0.0.1:65429 - R:localhost/127.0.0.1:58839]
17:10:46.497 [AsyncHttpClient-1-3] DEBUG org.asynchttpclient.netty.channel.NettyConnectListener - Using new Channel '[id: 0xab577398, L:/127.0.0.1:65437 - R:localhost/127.0.0.1:65430]' for 'GET' to '/json/version'
17:10:46.497 [AsyncHttpClient-1-3] DEBUG org.asynchttpclient.netty.handler.HttpHandler - 

Request DefaultFullHttpRequest(decodeResult: success, version: HTTP/1.1, content: EmptyByteBufBE)
GET /json/version HTTP/1.1
User-Agent: selenium/4.4.0 (java windows)
host: localhost:65430
accept: */*

Response DefaultHttpResponse(decodeResult: success, version: HTTP/1.1)
HTTP/1.1 200 OK
Content-Type: application/json; charset=UTF-8
content-length: 423

17:10:46.497 [AsyncHttpClient-1-3] DEBUG org.asynchttpclient.netty.channel.ChannelManager - Adding key: http://localhost:65430 for channel [id: 0xab577398, L:/127.0.0.1:65437 - R:localhost/127.0.0.1:65430]
17:10:46.512 [Test worker] DEBUG io.netty.util.internal.ThreadLocalRandom - -Dio.netty.initialSeedUniquifier: 0x882fc2389cf1f410
17:10:46.512 [AsyncHttpClient-1-4] DEBUG org.asynchttpclient.netty.channel.NettyConnectListener - Using new Channel '[id: 0x3a42f945, L:/127.0.0.1:65438 - R:localhost/127.0.0.1:65430]' for 'GET' to '/devtools/browser/8490b3eb-f76f-4377-8f37-fe8437aa1e57'
17:10:46.512 [AsyncHttpClient-1-4] DEBUG org.asynchttpclient.netty.handler.WebSocketHandler - 

Request DefaultFullHttpRequest(decodeResult: success, version: HTTP/1.1, content: EmptyByteBufBE)
GET /devtools/browser/8490b3eb-f76f-4377-8f37-fe8437aa1e57 HTTP/1.1
upgrade: websocket
connection: upgrade
sec-websocket-key: RNtoXcTPqnzOfsiB7nzMtw==
sec-websocket-version: 13
origin: http://localhost:65430
host: localhost:65430
accept: */*
user-agent: AHC/2.1

Response DefaultHttpResponse(decodeResult: success, version: HTTP/1.1)
HTTP/1.1 101 WebSocket Protocol Handshake
Upgrade: WebSocket
Connection: Upgrade
Sec-WebSocket-Accept: xJu+0ZijLBGlEsww+WFYG3FhHrc=

17:10:47.112 [Test worker] DEBUG net.thucydides.core.reflection.ClassFinder - Could not load class .AppTests.AmazonTest
17:10:47.112 [Test worker] DEBUG net.thucydides.core.reflection.ClassFinder - Could not load class .AppTests.LoginPageTest
17:10:47.112 [Test worker] DEBUG net.thucydides.core.reflection.ClassFinder - Could not load class .DemoTest
17:10:47.112 [Test worker] DEBUG net.thucydides.core.reflection.ClassFinder - Could not load class .Steps.AmamzonSteps
17:10:47.112 [Test worker] DEBUG net.thucydides.core.reflection.ClassFinder - Could not load class .Steps.LoginPageStes
17:10:47.112 [Test worker] DEBUG net.thucydides.core.reflection.ClassFinder - Could not load class .UIPages.AmazonLoginPage
17:10:47.112 [Test worker] DEBUG net.thucydides.core.reflection.ClassFinder - Could not load class .UIPages.LoginPage
17:10:47.112 [Test worker] DEBUG net.thucydides.core.reflection.ClassFinder - Could not load class META-INF.versions.9.com.sun.istack.logging.StackHelper
17:10:47.112 [Test worker] DEBUG net.thucydides.core.reflection.ClassFinder - Could not load class META-INF.versions.9.com.sun.xml.bind.v2.runtime.reflect.opt.AccessorInjector
17:10:47.112 [Test worker] DEBUG net.thucydides.core.reflection.ClassFinder - Could not load class META-INF.versions.9.com.sun.xml.bind.v2.runtime.reflect.opt.Injector
17:10:47.112 [Test worker] DEBUG net.thucydides.core.reflection.ClassFinder - Could not load class META-INF.versions.9.com.sun.xml.bind.v2.runtime.reflect.opt.OptimizedAccessorFactory
17:10:47.112 [Test worker] DEBUG net.thucydides.core.reflection.ClassFinder - Could not load class META-INF.versions.9.com.sun.xml.bind.v2.runtime.reflect.opt.OptimizedTransducedAccessorFactory
17:10:47.112 [Test worker] DEBUG net.thucydides.core.reflection.ClassFinder - Could not load class META-INF.versions.9.io.opentelemetry.sdk.internal.CurrentJavaVersionSpecific
17:10:47.112 [Test worker] DEBUG net.thucydides.core.reflection.ClassFinder - Could not load class META-INF.versions.9.io.opentelemetry.sdk.internal.Java9VersionSpecific
17:10:47.112 [Test worker] DEBUG net.thucydides.core.reflection.ClassFinder - Could not load class META-INF.versions.9.javax.xml.bind.ModuleUtil
17:10:47.112 [Test worker] DEBUG net.thucydides.core.reflection.ClassFinder - Could not load class META-INF.versions.9.module-info
17:10:47.112 [Test worker] DEBUG net.thucydides.core.reflection.ClassFinder - Could not load class META-INF.versions.9.org.junit.platform.commons.util.ModuleUtils
17:10:47.361 [AsyncHttpClient-1-1] DEBUG org.asynchttpclient.netty.channel.DefaultChannelPool - Entry count for : http://localhost:58839 : 1
17:10:47.361 [AsyncHttpClient-1-1] DEBUG org.asynchttpclient.netty.channel.DefaultChannelPool - Entry count for : http://localhost:65430 : 1
17:10:47.406 [Test worker] DEBUG net.thucydides.core.reflection.ClassFinder - Could not load class com.google.gson.internal.
17:10:47.541 [Test worker] DEBUG net.thucydides.core.reflection.ClassFinder - Could not load class com.sun.xml.bind.v2.runtime.output.FastInfosetStreamWriterOutput
17:10:47.852 [Test worker] DEBUG net.thucydides.core.reflection.ClassFinder - Could not load class module-info
17:10:48.457 [AsyncHttpClient-1-1] DEBUG org.asynchttpclient.netty.channel.DefaultChannelPool - Entry count for : http://localhost:58839 : 1
17:10:48.457 [AsyncHttpClient-1-1] DEBUG org.asynchttpclient.netty.channel.DefaultChannelPool - Entry count for : http://localhost:65430 : 1
17:10:49.556 [AsyncHttpClient-1-1] DEBUG org.asynchttpclient.netty.channel.DefaultChannelPool - Entry count for : http://localhost:58839 : 1
17:10:49.556 [AsyncHttpClient-1-1] DEBUG org.asynchttpclient.netty.channel.DefaultChannelPool - Entry count for : http://localhost:65430 : 1
17:10:50.656 [AsyncHttpClient-1-1] DEBUG org.asynchttpclient.netty.channel.DefaultChannelPool - Entry count for : http://localhost:58839 : 1
17:10:50.656 [AsyncHttpClient-1-1] DEBUG org.asynchttpclient.netty.channel.DefaultChannelPool - Entry count for : http://localhost:65430 : 1
17:10:50.791 [Forwarding get on session 673ef2305f7b43ddd81520314f940c9d to remote] DEBUG org.asynchttpclient.netty.request.NettyRequestSender - Using pooled Channel '[id: 0xc64aaadd, L:/127.0.0.1:65429 - R:localhost/127.0.0.1:58839]' for 'POST' to 'http://localhost:58839/session/673ef2305f7b43ddd81520314f940c9d/url'
17:10:50.791 [Forwarding get on session 673ef2305f7b43ddd81520314f940c9d to remote] DEBUG org.asynchttpclient.netty.request.NettyRequestSender - Using open Channel [id: 0xc64aaadd, L:/127.0.0.1:65429 - R:localhost/127.0.0.1:58839] for POST '/session/673ef2305f7b43ddd81520314f940c9d/url'
17:10:51.746 [AsyncHttpClient-1-2] DEBUG org.asynchttpclient.netty.handler.HttpHandler - 

Request DefaultHttpRequest(decodeResult: success, version: HTTP/1.1)
POST /session/673ef2305f7b43ddd81520314f940c9d/url HTTP/1.1
User-Agent: selenium/4.4.0 (java windows)
Content-Length: 49
Content-Type: application/json; charset=utf-8
host: localhost:58839
accept: */*

Response DefaultHttpResponse(decodeResult: success, version: HTTP/1.1)
HTTP/1.1 200 OK
Content-Type: application/json; charset=utf-8
cache-control: no-cache
content-length: 14

17:10:51.747 [AsyncHttpClient-1-2] DEBUG org.asynchttpclient.netty.channel.ChannelManager - Adding key: http://localhost:58839 for channel [id: 0xc64aaadd, L:/127.0.0.1:65429 - R:localhost/127.0.0.1:58839]
17:10:51.752 [AsyncHttpClient-1-1] DEBUG org.asynchttpclient.netty.channel.DefaultChannelPool - Entry count for : http://localhost:58839 : 1
17:10:51.752 [AsyncHttpClient-1-1] DEBUG org.asynchttpclient.netty.channel.DefaultChannelPool - Entry count for : http://localhost:65430 : 1
17:10:51.753 [Forwarding setTimeout on session 673ef2305f7b43ddd81520314f940c9d to remote] DEBUG org.asynchttpclient.netty.request.NettyRequestSender - Using pooled Channel '[id: 0xc64aaadd, L:/127.0.0.1:65429 - R:localhost/127.0.0.1:58839]' for 'POST' to 'http://localhost:58839/session/673ef2305f7b43ddd81520314f940c9d/timeouts'
17:10:51.753 [Forwarding setTimeout on session 673ef2305f7b43ddd81520314f940c9d to remote] DEBUG org.asynchttpclient.netty.request.NettyRequestSender - Using open Channel [id: 0xc64aaadd, L:/127.0.0.1:65429 - R:localhost/127.0.0.1:58839] for POST '/session/673ef2305f7b43ddd81520314f940c9d/timeouts'
17:10:51.754 [AsyncHttpClient-1-2] DEBUG org.asynchttpclient.netty.handler.HttpHandler - 

Request DefaultHttpRequest(decodeResult: success, version: HTTP/1.1)
POST /session/673ef2305f7b43ddd81520314f940c9d/timeouts HTTP/1.1
User-Agent: selenium/4.4.0 (java windows)
Content-Length: 22
Content-Type: application/json; charset=utf-8
host: localhost:58839
accept: */*

Response DefaultHttpResponse(decodeResult: success, version: HTTP/1.1)
HTTP/1.1 200 OK
Content-Type: application/json; charset=utf-8
cache-control: no-cache
content-length: 14

17:10:51.755 [AsyncHttpClient-1-2] DEBUG org.asynchttpclient.netty.channel.ChannelManager - Adding key: http://localhost:58839 for channel [id: 0xc64aaadd, L:/127.0.0.1:65429 - R:localhost/127.0.0.1:58839]
17:10:51.765 [Forwarding getCurrentUrl on session 673ef2305f7b43ddd81520314f940c9d to remote] DEBUG org.asynchttpclient.netty.request.NettyRequestSender - Using pooled Channel '[id: 0xc64aaadd, L:/127.0.0.1:65429 - R:localhost/127.0.0.1:58839]' for 'GET' to 'http://localhost:58839/session/673ef2305f7b43ddd81520314f940c9d/url'
17:10:51.765 [Forwarding getCurrentUrl on session 673ef2305f7b43ddd81520314f940c9d to remote] DEBUG org.asynchttpclient.netty.request.NettyRequestSender - Using open Channel [id: 0xc64aaadd, L:/127.0.0.1:65429 - R:localhost/127.0.0.1:58839] for GET '/session/673ef2305f7b43ddd81520314f940c9d/url'
17:10:51.775 [AsyncHttpClient-1-2] DEBUG org.asynchttpclient.netty.handler.HttpHandler - 

Request DefaultFullHttpRequest(decodeResult: success, version: HTTP/1.1, content: EmptyByteBufBE)
GET /session/673ef2305f7b43ddd81520314f940c9d/url HTTP/1.1
User-Agent: selenium/4.4.0 (java windows)
Cache-Control: no-cache
Content-Type: application/json; charset=utf-8
host: localhost:58839
accept: */*

Response DefaultHttpResponse(decodeResult: success, version: HTTP/1.1)
HTTP/1.1 200 OK
Content-Type: application/json; charset=utf-8
cache-control: no-cache
content-length: 37

17:10:51.775 [AsyncHttpClient-1-2] DEBUG org.asynchttpclient.netty.channel.ChannelManager - Adding key: http://localhost:58839 for channel [id: 0xc64aaadd, L:/127.0.0.1:65429 - R:localhost/127.0.0.1:58839]
17:10:51.785 [Forwarding getCurrentUrl on session 673ef2305f7b43ddd81520314f940c9d to remote] DEBUG org.asynchttpclient.netty.request.NettyRequestSender - Using pooled Channel '[id: 0xc64aaadd, L:/127.0.0.1:65429 - R:localhost/127.0.0.1:58839]' for 'GET' to 'http://localhost:58839/session/673ef2305f7b43ddd81520314f940c9d/url'
17:10:51.785 [Forwarding getCurrentUrl on session 673ef2305f7b43ddd81520314f940c9d to remote] DEBUG org.asynchttpclient.netty.request.NettyRequestSender - Using open Channel [id: 0xc64aaadd, L:/127.0.0.1:65429 - R:localhost/127.0.0.1:58839] for GET '/session/673ef2305f7b43ddd81520314f940c9d/url'
17:10:51.790 [AsyncHttpClient-1-2] DEBUG org.asynchttpclient.netty.handler.HttpHandler - 

Request DefaultFullHttpRequest(decodeResult: success, version: HTTP/1.1, content: EmptyByteBufBE)
GET /session/673ef2305f7b43ddd81520314f940c9d/url HTTP/1.1
User-Agent: selenium/4.4.0 (java windows)
Cache-Control: no-cache
Content-Type: application/json; charset=utf-8
host: localhost:58839
accept: */*

Response DefaultHttpResponse(decodeResult: success, version: HTTP/1.1)
HTTP/1.1 200 OK
Content-Type: application/json; charset=utf-8
cache-control: no-cache
content-length: 37

17:10:51.791 [AsyncHttpClient-1-2] DEBUG org.asynchttpclient.netty.channel.ChannelManager - Adding key: http://localhost:58839 for channel [id: 0xc64aaadd, L:/127.0.0.1:65429 - R:localhost/127.0.0.1:58839]
17:10:51.814 [Forwarding findElement on session 673ef2305f7b43ddd81520314f940c9d to remote] DEBUG org.asynchttpclient.netty.request.NettyRequestSender - Using pooled Channel '[id: 0xc64aaadd, L:/127.0.0.1:65429 - R:localhost/127.0.0.1:58839]' for 'POST' to 'http://localhost:58839/session/673ef2305f7b43ddd81520314f940c9d/element'
17:10:51.814 [Forwarding findElement on session 673ef2305f7b43ddd81520314f940c9d to remote] DEBUG org.asynchttpclient.netty.request.NettyRequestSender - Using open Channel [id: 0xc64aaadd, L:/127.0.0.1:65429 - R:localhost/127.0.0.1:58839] for POST '/session/673ef2305f7b43ddd81520314f940c9d/element'
17:10:51.829 [AsyncHttpClient-1-2] DEBUG org.asynchttpclient.netty.handler.HttpHandler - 

Request DefaultHttpRequest(decodeResult: success, version: HTTP/1.1)
POST /session/673ef2305f7b43ddd81520314f940c9d/element HTTP/1.1
User-Agent: selenium/4.4.0 (java windows)
Content-Length: 50
Content-Type: application/json; charset=utf-8
host: localhost:58839
accept: */*

Response DefaultHttpResponse(decodeResult: success, version: HTTP/1.1)
HTTP/1.1 200 OK
Content-Type: application/json; charset=utf-8
cache-control: no-cache
content-length: 88

17:10:51.829 [AsyncHttpClient-1-2] DEBUG org.asynchttpclient.netty.channel.ChannelManager - Adding key: http://localhost:58839 for channel [id: 0xc64aaadd, L:/127.0.0.1:65429 - R:localhost/127.0.0.1:58839]
17:10:51.840 [Forwarding sendKeysToElement on session 673ef2305f7b43ddd81520314f940c9d to remote] DEBUG org.asynchttpclient.netty.request.NettyRequestSender - Using pooled Channel '[id: 0xc64aaadd, L:/127.0.0.1:65429 - R:localhost/127.0.0.1:58839]' for 'POST' to 'http://localhost:58839/session/673ef2305f7b43ddd81520314f940c9d/element/737a9cfe-5769-4b80-943a-6a736df4580f/value'
17:10:51.840 [Forwarding sendKeysToElement on session 673ef2305f7b43ddd81520314f940c9d to remote] DEBUG org.asynchttpclient.netty.request.NettyRequestSender - Using open Channel [id: 0xc64aaadd, L:/127.0.0.1:65429 - R:localhost/127.0.0.1:58839] for POST '/session/673ef2305f7b43ddd81520314f940c9d/element/737a9cfe-5769-4b80-943a-6a736df4580f/value'
17:10:51.897 [AsyncHttpClient-1-2] DEBUG org.asynchttpclient.netty.handler.HttpHandler - 

Request DefaultHttpRequest(decodeResult: success, version: HTTP/1.1)
POST /session/673ef2305f7b43ddd81520314f940c9d/element/737a9cfe-5769-4b80-943a-6a736df4580f/value HTTP/1.1
User-Agent: selenium/4.4.0 (java windows)
Content-Length: 271
Content-Type: application/json; charset=utf-8
host: localhost:58839
accept: */*

Response DefaultHttpResponse(decodeResult: success, version: HTTP/1.1)
HTTP/1.1 200 OK
Content-Type: application/json; charset=utf-8
cache-control: no-cache
content-length: 14

17:10:51.898 [AsyncHttpClient-1-2] DEBUG org.asynchttpclient.netty.channel.ChannelManager - Adding key: http://localhost:58839 for channel [id: 0xc64aaadd, L:/127.0.0.1:65429 - R:localhost/127.0.0.1:58839]
17:10:51.907 [Forwarding findElement on session 673ef2305f7b43ddd81520314f940c9d to remote] DEBUG org.asynchttpclient.netty.request.NettyRequestSender - Using pooled Channel '[id: 0xc64aaadd, L:/127.0.0.1:65429 - R:localhost/127.0.0.1:58839]' for 'POST' to 'http://localhost:58839/session/673ef2305f7b43ddd81520314f940c9d/element'
17:10:51.908 [Forwarding findElement on session 673ef2305f7b43ddd81520314f940c9d to remote] DEBUG org.asynchttpclient.netty.request.NettyRequestSender - Using open Channel [id: 0xc64aaadd, L:/127.0.0.1:65429 - R:localhost/127.0.0.1:58839] for POST '/session/673ef2305f7b43ddd81520314f940c9d/element'
17:10:51.917 [AsyncHttpClient-1-2] DEBUG org.asynchttpclient.netty.handler.HttpHandler - 

Request DefaultHttpRequest(decodeResult: success, version: HTTP/1.1)
POST /session/673ef2305f7b43ddd81520314f940c9d/element HTTP/1.1
User-Agent: selenium/4.4.0 (java windows)
Content-Length: 49
Content-Type: application/json; charset=utf-8
host: localhost:58839
accept: */*

Response DefaultHttpResponse(decodeResult: success, version: HTTP/1.1)
HTTP/1.1 200 OK
Content-Type: application/json; charset=utf-8
cache-control: no-cache
content-length: 88

17:10:51.918 [AsyncHttpClient-1-2] DEBUG org.asynchttpclient.netty.channel.ChannelManager - Adding key: http://localhost:58839 for channel [id: 0xc64aaadd, L:/127.0.0.1:65429 - R:localhost/127.0.0.1:58839]
17:10:51.919 [Forwarding sendKeysToElement on session 673ef2305f7b43ddd81520314f940c9d to remote] DEBUG org.asynchttpclient.netty.request.NettyRequestSender - Using pooled Channel '[id: 0xc64aaadd, L:/127.0.0.1:65429 - R:localhost/127.0.0.1:58839]' for 'POST' to 'http://localhost:58839/session/673ef2305f7b43ddd81520314f940c9d/element/0289c66e-b2af-4d47-90c0-7a925adff36b/value'
17:10:51.920 [Forwarding sendKeysToElement on session 673ef2305f7b43ddd81520314f940c9d to remote] DEBUG org.asynchttpclient.netty.request.NettyRequestSender - Using open Channel [id: 0xc64aaadd, L:/127.0.0.1:65429 - R:localhost/127.0.0.1:58839] for POST '/session/673ef2305f7b43ddd81520314f940c9d/element/0289c66e-b2af-4d47-90c0-7a925adff36b/value'
17:10:51.982 [AsyncHttpClient-1-2] DEBUG org.asynchttpclient.netty.handler.HttpHandler - 

Request DefaultHttpRequest(decodeResult: success, version: HTTP/1.1)
POST /session/673ef2305f7b43ddd81520314f940c9d/element/0289c66e-b2af-4d47-90c0-7a925adff36b/value HTTP/1.1
User-Agent: selenium/4.4.0 (java windows)
Content-Length: 201
Content-Type: application/json; charset=utf-8
host: localhost:58839
accept: */*

Response DefaultHttpResponse(decodeResult: success, version: HTTP/1.1)
HTTP/1.1 200 OK
Content-Type: application/json; charset=utf-8
cache-control: no-cache
content-length: 14

17:10:51.983 [AsyncHttpClient-1-2] DEBUG org.asynchttpclient.netty.channel.ChannelManager - Adding key: http://localhost:58839 for channel [id: 0xc64aaadd, L:/127.0.0.1:65429 - R:localhost/127.0.0.1:58839]
17:10:52.009 [Forwarding findElement on session 673ef2305f7b43ddd81520314f940c9d to remote] DEBUG org.asynchttpclient.netty.request.NettyRequestSender - Using pooled Channel '[id: 0xc64aaadd, L:/127.0.0.1:65429 - R:localhost/127.0.0.1:58839]' for 'POST' to 'http://localhost:58839/session/673ef2305f7b43ddd81520314f940c9d/element'
17:10:52.009 [Forwarding findElement on session 673ef2305f7b43ddd81520314f940c9d to remote] DEBUG org.asynchttpclient.netty.request.NettyRequestSender - Using open Channel [id: 0xc64aaadd, L:/127.0.0.1:65429 - R:localhost/127.0.0.1:58839] for POST '/session/673ef2305f7b43ddd81520314f940c9d/element'
17:10:52.019 [AsyncHttpClient-1-2] DEBUG org.asynchttpclient.netty.handler.HttpHandler - 

Request DefaultHttpRequest(decodeResult: success, version: HTTP/1.1)
POST /session/673ef2305f7b43ddd81520314f940c9d/element HTTP/1.1
User-Agent: selenium/4.4.0 (java windows)
Content-Length: 211
Content-Type: application/json; charset=utf-8
host: localhost:58839
accept: */*

Response DefaultHttpResponse(decodeResult: success, version: HTTP/1.1)
HTTP/1.1 200 OK
Content-Type: application/json; charset=utf-8
cache-control: no-cache
content-length: 88

17:10:52.019 [AsyncHttpClient-1-2] DEBUG org.asynchttpclient.netty.channel.ChannelManager - Adding key: http://localhost:58839 for channel [id: 0xc64aaadd, L:/127.0.0.1:65429 - R:localhost/127.0.0.1:58839]
17:10:52.024 [Forwarding getElementTagName on session 673ef2305f7b43ddd81520314f940c9d to remote] DEBUG org.asynchttpclient.netty.request.NettyRequestSender - Using pooled Channel '[id: 0xc64aaadd, L:/127.0.0.1:65429 - R:localhost/127.0.0.1:58839]' for 'GET' to 'http://localhost:58839/session/673ef2305f7b43ddd81520314f940c9d/element/83dada70-0dc7-4525-83e9-d87be454c566/name'
17:10:52.024 [Forwarding getElementTagName on session 673ef2305f7b43ddd81520314f940c9d to remote] DEBUG org.asynchttpclient.netty.request.NettyRequestSender - Using open Channel [id: 0xc64aaadd, L:/127.0.0.1:65429 - R:localhost/127.0.0.1:58839] for GET '/session/673ef2305f7b43ddd81520314f940c9d/element/83dada70-0dc7-4525-83e9-d87be454c566/name'
17:10:52.029 [AsyncHttpClient-1-2] DEBUG org.asynchttpclient.netty.handler.HttpHandler - 

Request DefaultFullHttpRequest(decodeResult: success, version: HTTP/1.1, content: EmptyByteBufBE)
GET /session/673ef2305f7b43ddd81520314f940c9d/element/83dada70-0dc7-4525-83e9-d87be454c566/name HTTP/1.1
User-Agent: selenium/4.4.0 (java windows)
Cache-Control: no-cache
Content-Type: application/json; charset=utf-8
host: localhost:58839
accept: */*

Response DefaultHttpResponse(decodeResult: success, version: HTTP/1.1)
HTTP/1.1 200 OK
Content-Type: application/json; charset=utf-8
cache-control: no-cache
content-length: 18

17:10:52.029 [AsyncHttpClient-1-2] DEBUG org.asynchttpclient.netty.channel.ChannelManager - Adding key: http://localhost:58839 for channel [id: 0xc64aaadd, L:/127.0.0.1:65429 - R:localhost/127.0.0.1:58839]
17:10:52.031 [Forwarding getElementTagName on session 673ef2305f7b43ddd81520314f940c9d to remote] DEBUG org.asynchttpclient.netty.request.NettyRequestSender - Using pooled Channel '[id: 0xc64aaadd, L:/127.0.0.1:65429 - R:localhost/127.0.0.1:58839]' for 'GET' to 'http://localhost:58839/session/673ef2305f7b43ddd81520314f940c9d/element/83dada70-0dc7-4525-83e9-d87be454c566/name'
17:10:52.031 [Forwarding getElementTagName on session 673ef2305f7b43ddd81520314f940c9d to remote] DEBUG org.asynchttpclient.netty.request.NettyRequestSender - Using open Channel [id: 0xc64aaadd, L:/127.0.0.1:65429 - R:localhost/127.0.0.1:58839] for GET '/session/673ef2305f7b43ddd81520314f940c9d/element/83dada70-0dc7-4525-83e9-d87be454c566/name'
17:10:52.035 [AsyncHttpClient-1-2] DEBUG org.asynchttpclient.netty.handler.HttpHandler - 

Request DefaultFullHttpRequest(decodeResult: success, version: HTTP/1.1, content: EmptyByteBufBE)
GET /session/673ef2305f7b43ddd81520314f940c9d/element/83dada70-0dc7-4525-83e9-d87be454c566/name HTTP/1.1
User-Agent: selenium/4.4.0 (java windows)
Cache-Control: no-cache
Content-Type: application/json; charset=utf-8
host: localhost:58839
accept: */*

Response DefaultHttpResponse(decodeResult: success, version: HTTP/1.1)
HTTP/1.1 200 OK
Content-Type: application/json; charset=utf-8
cache-control: no-cache
content-length: 18

17:10:52.035 [AsyncHttpClient-1-2] DEBUG org.asynchttpclient.netty.channel.ChannelManager - Adding key: http://localhost:58839 for channel [id: 0xc64aaadd, L:/127.0.0.1:65429 - R:localhost/127.0.0.1:58839]
17:10:52.047 [Forwarding isElementEnabled on session 673ef2305f7b43ddd81520314f940c9d to remote] DEBUG org.asynchttpclient.netty.request.NettyRequestSender - Using pooled Channel '[id: 0xc64aaadd, L:/127.0.0.1:65429 - R:localhost/127.0.0.1:58839]' for 'GET' to 'http://localhost:58839/session/673ef2305f7b43ddd81520314f940c9d/element/83dada70-0dc7-4525-83e9-d87be454c566/enabled'
17:10:52.047 [Forwarding isElementEnabled on session 673ef2305f7b43ddd81520314f940c9d to remote] DEBUG org.asynchttpclient.netty.request.NettyRequestSender - Using open Channel [id: 0xc64aaadd, L:/127.0.0.1:65429 - R:localhost/127.0.0.1:58839] for GET '/session/673ef2305f7b43ddd81520314f940c9d/element/83dada70-0dc7-4525-83e9-d87be454c566/enabled'
17:10:52.047 [AsyncHttpClient-1-2] DEBUG org.asynchttpclient.netty.handler.HttpHandler - 

Request DefaultFullHttpRequest(decodeResult: success, version: HTTP/1.1, content: EmptyByteBufBE)
GET /session/673ef2305f7b43ddd81520314f940c9d/element/83dada70-0dc7-4525-83e9-d87be454c566/enabled HTTP/1.1
User-Agent: selenium/4.4.0 (java windows)
Cache-Control: no-cache
Content-Type: application/json; charset=utf-8
host: localhost:58839
accept: */*

Response DefaultHttpResponse(decodeResult: success, version: HTTP/1.1)
HTTP/1.1 200 OK
Content-Type: application/json; charset=utf-8
cache-control: no-cache
content-length: 14

17:10:52.047 [AsyncHttpClient-1-2] DEBUG org.asynchttpclient.netty.channel.ChannelManager - Adding key: http://localhost:58839 for channel [id: 0xc64aaadd, L:/127.0.0.1:65429 - R:localhost/127.0.0.1:58839]
17:10:52.062 [Forwarding isElementEnabled on session 673ef2305f7b43ddd81520314f940c9d to remote] DEBUG org.asynchttpclient.netty.request.NettyRequestSender - Using pooled Channel '[id: 0xc64aaadd, L:/127.0.0.1:65429 - R:localhost/127.0.0.1:58839]' for 'GET' to 'http://localhost:58839/session/673ef2305f7b43ddd81520314f940c9d/element/83dada70-0dc7-4525-83e9-d87be454c566/enabled'
17:10:52.062 [Forwarding isElementEnabled on session 673ef2305f7b43ddd81520314f940c9d to remote] DEBUG org.asynchttpclient.netty.request.NettyRequestSender - Using open Channel [id: 0xc64aaadd, L:/127.0.0.1:65429 - R:localhost/127.0.0.1:58839] for GET '/session/673ef2305f7b43ddd81520314f940c9d/element/83dada70-0dc7-4525-83e9-d87be454c566/enabled'
17:10:52.062 [AsyncHttpClient-1-2] DEBUG org.asynchttpclient.netty.handler.HttpHandler - 

Request DefaultFullHttpRequest(decodeResult: success, version: HTTP/1.1, content: EmptyByteBufBE)
GET /session/673ef2305f7b43ddd81520314f940c9d/element/83dada70-0dc7-4525-83e9-d87be454c566/enabled HTTP/1.1
User-Agent: selenium/4.4.0 (java windows)
Cache-Control: no-cache
Content-Type: application/json; charset=utf-8
host: localhost:58839
accept: */*

Response DefaultHttpResponse(decodeResult: success, version: HTTP/1.1)
HTTP/1.1 200 OK
Content-Type: application/json; charset=utf-8
cache-control: no-cache
content-length: 14

17:10:52.062 [AsyncHttpClient-1-2] DEBUG org.asynchttpclient.netty.channel.ChannelManager - Adding key: http://localhost:58839 for channel [id: 0xc64aaadd, L:/127.0.0.1:65429 - R:localhost/127.0.0.1:58839]
17:10:52.077 [Forwarding findElement on session 673ef2305f7b43ddd81520314f940c9d to remote] DEBUG org.asynchttpclient.netty.request.NettyRequestSender - Using pooled Channel '[id: 0xc64aaadd, L:/127.0.0.1:65429 - R:localhost/127.0.0.1:58839]' for 'POST' to 'http://localhost:58839/session/673ef2305f7b43ddd81520314f940c9d/element'
17:10:52.077 [Forwarding findElement on session 673ef2305f7b43ddd81520314f940c9d to remote] DEBUG org.asynchttpclient.netty.request.NettyRequestSender - Using open Channel [id: 0xc64aaadd, L:/127.0.0.1:65429 - R:localhost/127.0.0.1:58839] for POST '/session/673ef2305f7b43ddd81520314f940c9d/element'
17:10:52.077 [AsyncHttpClient-1-2] DEBUG org.asynchttpclient.netty.handler.HttpHandler - 

Request DefaultHttpRequest(decodeResult: success, version: HTTP/1.1)
POST /session/673ef2305f7b43ddd81520314f940c9d/element HTTP/1.1
User-Agent: selenium/4.4.0 (java windows)
Content-Length: 211
Content-Type: application/json; charset=utf-8
host: localhost:58839
accept: */*

Response DefaultHttpResponse(decodeResult: success, version: HTTP/1.1)
HTTP/1.1 200 OK
Content-Type: application/json; charset=utf-8
cache-control: no-cache
content-length: 88

17:10:52.077 [AsyncHttpClient-1-2] DEBUG org.asynchttpclient.netty.channel.ChannelManager - Adding key: http://localhost:58839 for channel [id: 0xc64aaadd, L:/127.0.0.1:65429 - R:localhost/127.0.0.1:58839]
17:10:52.077 [Forwarding clickElement on session 673ef2305f7b43ddd81520314f940c9d to remote] DEBUG org.asynchttpclient.netty.request.NettyRequestSender - Using pooled Channel '[id: 0xc64aaadd, L:/127.0.0.1:65429 - R:localhost/127.0.0.1:58839]' for 'POST' to 'http://localhost:58839/session/673ef2305f7b43ddd81520314f940c9d/element/83dada70-0dc7-4525-83e9-d87be454c566/click'
17:10:52.077 [Forwarding clickElement on session 673ef2305f7b43ddd81520314f940c9d to remote] DEBUG org.asynchttpclient.netty.request.NettyRequestSender - Using open Channel [id: 0xc64aaadd, L:/127.0.0.1:65429 - R:localhost/127.0.0.1:58839] for POST '/session/673ef2305f7b43ddd81520314f940c9d/element/83dada70-0dc7-4525-83e9-d87be454c566/click'
17:10:52.125 [AsyncHttpClient-1-2] DEBUG org.asynchttpclient.netty.handler.HttpHandler - 

Request DefaultHttpRequest(decodeResult: success, version: HTTP/1.1)
POST /session/673ef2305f7b43ddd81520314f940c9d/element/83dada70-0dc7-4525-83e9-d87be454c566/click HTTP/1.1
User-Agent: selenium/4.4.0 (java windows)
Content-Length: 50
Content-Type: application/json; charset=utf-8
host: localhost:58839
accept: */*

Response DefaultHttpResponse(decodeResult: success, version: HTTP/1.1)
HTTP/1.1 200 OK
Content-Type: application/json; charset=utf-8
cache-control: no-cache
content-length: 14

17:10:52.126 [AsyncHttpClient-1-2] DEBUG org.asynchttpclient.netty.channel.ChannelManager - Adding key: http://localhost:58839 for channel [id: 0xc64aaadd, L:/127.0.0.1:65429 - R:localhost/127.0.0.1:58839]
17:10:52.145 [Forwarding findElement on session 673ef2305f7b43ddd81520314f940c9d to remote] DEBUG org.asynchttpclient.netty.request.NettyRequestSender - Using pooled Channel '[id: 0xc64aaadd, L:/127.0.0.1:65429 - R:localhost/127.0.0.1:58839]' for 'POST' to 'http://localhost:58839/session/673ef2305f7b43ddd81520314f940c9d/element'
17:10:52.145 [Forwarding findElement on session 673ef2305f7b43ddd81520314f940c9d to remote] DEBUG org.asynchttpclient.netty.request.NettyRequestSender - Using open Channel [id: 0xc64aaadd, L:/127.0.0.1:65429 - R:localhost/127.0.0.1:58839] for POST '/session/673ef2305f7b43ddd81520314f940c9d/element'
17:10:52.856 [AsyncHttpClient-1-1] DEBUG org.asynchttpclient.netty.channel.DefaultChannelPool - Entry count for : http://localhost:65430 : 1
17:10:53.958 [AsyncHttpClient-1-1] DEBUG org.asynchttpclient.netty.channel.DefaultChannelPool - Entry count for : http://localhost:65430 : 1
17:10:55.054 [AsyncHttpClient-1-1] DEBUG org.asynchttpclient.netty.channel.DefaultChannelPool - Entry count for : http://localhost:65430 : 1
17:10:56.159 [AsyncHttpClient-1-1] DEBUG org.asynchttpclient.netty.channel.DefaultChannelPool - Entry count for : http://localhost:65430 : 1
17:10:57.251 [AsyncHttpClient-1-1] DEBUG org.asynchttpclient.netty.channel.DefaultChannelPool - Entry count for : http://localhost:65430 : 1
17:10:58.352 [AsyncHttpClient-1-1] DEBUG org.asynchttpclient.netty.channel.DefaultChannelPool - Entry count for : http://localhost:65430 : 1
17:10:59.426 [AsyncHttpClient-1-2] DEBUG org.asynchttpclient.netty.handler.HttpHandler - 

Request DefaultHttpRequest(decodeResult: success, version: HTTP/1.1)
POST /session/673ef2305f7b43ddd81520314f940c9d/element HTTP/1.1
User-Agent: selenium/4.4.0 (java windows)
Content-Length: 361
Content-Type: application/json; charset=utf-8
host: localhost:58839
accept: */*

Response DefaultHttpResponse(decodeResult: success, version: HTTP/1.1)
HTTP/1.1 404 Not Found
Content-Type: application/json; charset=utf-8
cache-control: no-cache
content-length: 1149

17:10:59.426 [AsyncHttpClient-1-2] DEBUG org.asynchttpclient.netty.channel.ChannelManager - Adding key: http://localhost:58839 for channel [id: 0xc64aaadd, L:/127.0.0.1:65429 - R:localhost/127.0.0.1:58839]
]]></system-out>
  <system-err><![CDATA[Starting ChromeDriver 107.0.5304.62 (1eec40d3a5764881c92085aaee66d25075c159aa-refs/branch-heads/5304@{#942}) on port 58839
Only local connections are allowed.
Please see https://chromedriver.chromium.org/security-considerations for suggestions on keeping ChromeDriver safe.
ChromeDriver was started successfully.
Nov 04, 2022 5:10:46 PM org.openqa.selenium.remote.ProtocolHandshake createSession
INFO: Detected upstream dialect: W3C
Nov 04, 2022 5:10:46 PM org.openqa.selenium.devtools.CdpVersionFinder findNearestMatch
WARNING: Unable to find an exact match for CDP version 107, so returning the closest version found: 104
Nov 04, 2022 5:10:46 PM org.openqa.selenium.devtools.CdpVersionFinder findNearestMatch
INFO: Found CDP implementation for version 107 of 104
]]></system-err>
</testsuite>
